INFO 2023-09-25 12:19:56,227  87 User id found to get fcm_token.
INFO 2023-09-25 12:19:56,237  1563 Attempting refresh to obtain initial access_token
INFO 2023-09-25 12:19:57,128  104 Notification has sent to all admins.
INFO 2023-09-25 12:19:57,803  110 Notification send successfully.
INFO 2023-09-25 12:19:57,803  154 Notification Added Successfully.
INFO 2023-09-25 12:33:47,940  56 -- BEGIN Twilio API Request --
INFO 2023-09-25 12:33:47,940  66 POST Request: https://api.twilio.com/2010-04-01/Accounts/AC74f8aa592b9f4bc82af4402dfd2ce24a/Messages.json
INFO 2023-09-25 12:33:47,941  69 Headers:
INFO 2023-09-25 12:33:47,941  73 User-Agent : twilio-python/8.8.0 (Windows AMD64) Python/3.11.3
INFO 2023-09-25 12:33:47,942  73 X-Twilio-Client : python-8.8.0
INFO 2023-09-25 12:33:47,942  73 Accept-Charset : utf-8
INFO 2023-09-25 12:33:47,943  73 Content-Type : application/x-www-form-urlencoded
INFO 2023-09-25 12:33:47,943  73 Accept : application/json
INFO 2023-09-25 12:33:47,943  75 -- END Twilio API Request --
INFO 2023-09-25 12:33:49,635  81 Response Status Code: 201
INFO 2023-09-25 12:33:49,636  82 Response Headers: {'Date': 'Mon, 25 Sep 2023 07:03:50 GMT', 'Content-Type': 'application/json; charset=utf-8', 'Content-Length': '892', 'Connection': 'keep-alive', 'Twilio-Request-Id': 'RQ3d171ce8afa04256b7fff95806ac7bc3', 'Twilio-Request-Duration': '0.421', 'Access-Control-Allow-Origin': '*', 'Access-Control-Allow-Headers': 'Accept, Authorization, Content-Type, If-Match, If-Modified-Since, If-None-Match, If-Unmodified-Since, Idempotency-Key', 'Access-Control-Allow-Methods': 'GET, POST, DELETE, OPTIONS', 'Access-Control-Expose-Headers': 'ETag', 'Access-Control-Allow-Credentials': 'true', 'X-Powered-By': 'AT-5000', 'Strict-Transport-Security': 'max-age=31536000', 'Twilio-Concurrent-Requests': '1', 'X-Shenanigans': 'none', 'X-Home-Region': 'us1', 'X-API-Domain': 'api.twilio.com'}
INFO 2023-09-25 12:33:49,639  59 OTP has sent successfully.
INFO 2023-09-25 12:43:49,631  1563 Attempting refresh to obtain initial access_token
INFO 2023-09-25 12:46:06,461  47 User id found to get fcm_token.
INFO 2023-09-25 12:46:07,196  64 Notification has sent to all admins.
INFO 2023-09-25 12:47:11,937  47 User id found to get fcm_token.
INFO 2023-09-25 12:47:11,949  1563 Attempting refresh to obtain initial access_token
INFO 2023-09-25 12:47:13,003  64 Notification has sent to all admins.
INFO 2023-09-25 12:47:13,326  70 Notification send successfully.
INFO 2023-09-25 12:47:13,327  113 Notification Added Successfully.
INFO 2023-09-25 12:47:45,739  47 User id found to get fcm_token.
INFO 2023-09-25 12:47:46,413  64 Notification has sent to all admins.
INFO 2023-09-25 12:47:47,027  70 Notification send successfully.
INFO 2023-09-25 12:47:47,027  113 Notification Added Successfully.
INFO 2023-09-25 12:50:07,548  48 User id found to get fcm_token.
INFO 2023-09-25 12:50:07,557  1563 Attempting refresh to obtain initial access_token
INFO 2023-09-25 12:50:08,568  65 Notification has sent to all admins.
INFO 2023-09-25 12:50:09,112  71 Notification send successfully.
INFO 2023-09-25 12:50:09,113  114 Notification Added Successfully.
INFO 2023-09-25 12:50:20,593  48 User id found to get fcm_token.
INFO 2023-09-25 12:50:21,148  65 Notification has sent to all admins.
INFO 2023-09-25 12:50:21,753  71 Notification send successfully.
INFO 2023-09-25 12:50:21,754  114 Notification Added Successfully.
INFO 2023-09-25 12:50:59,080  48 User id found to get fcm_token.
INFO 2023-09-25 12:50:59,699  65 Notification has sent to all admins.
INFO 2023-09-25 12:51:00,211  71 Notification send successfully.
INFO 2023-09-25 12:51:00,212  114 Notification Added Successfully.
INFO 2023-09-25 12:52:03,806  49 User id found to get fcm_token.
INFO 2023-09-25 12:52:03,816  1563 Attempting refresh to obtain initial access_token
INFO 2023-09-25 12:52:04,826  66 Notification has sent to all admins.
INFO 2023-09-25 12:52:05,434  72 Notification send successfully.
INFO 2023-09-25 12:52:05,434  115 Notification Added Successfully.
INFO 2023-09-25 13:04:10,356  49 User id found to get fcm_token.
INFO 2023-09-25 13:04:10,365  1563 Attempting refresh to obtain initial access_token
INFO 2023-09-25 13:04:11,351  66 Notification has sent to all admins.
INFO 2023-09-25 13:04:11,885  72 Notification send successfully.
INFO 2023-09-25 13:04:11,885  115 Notification Added Successfully.
INFO 2023-09-25 13:10:39,053  49 User id found to get fcm_token.
INFO 2023-09-25 13:11:20,520  49 User id found to get fcm_token.
INFO 2023-09-25 13:11:20,565  1563 Attempting refresh to obtain initial access_token
INFO 2023-09-25 13:11:21,617  72 Notification send successfully.
INFO 2023-09-25 13:11:21,618  115 Notification Added Successfully.
INFO 2023-09-25 13:15:27,298  115 Notification Added Successfully.
INFO 2023-09-25 13:15:56,447  115 Notification Added Successfully.
INFO 2023-09-25 13:16:39,869  115 Notification Added Successfully.
INFO 2023-09-25 13:16:46,805  115 Notification Added Successfully.
INFO 2023-09-25 13:19:04,224  49 User id found to get fcm_token.
INFO 2023-09-25 13:19:04,244  1563 Attempting refresh to obtain initial access_token
INFO 2023-09-25 13:19:05,254  72 Notification send successfully.
INFO 2023-09-25 13:19:05,255  115 Notification Added Successfully.
INFO 2023-09-25 13:21:03,670  49 User id found to get fcm_token.
INFO 2023-09-25 13:21:03,681  1563 Attempting refresh to obtain initial access_token
INFO 2023-09-25 13:21:04,706  66 Notification has sent to all admins.
INFO 2023-09-25 13:21:04,706  115 Notification Added Successfully.
INFO 2023-09-25 13:59:34,039  50 Head is already found.
INFO 2023-09-25 13:59:50,035  1563 Attempting refresh to obtain initial access_token
INFO 2023-09-25 13:59:52,858  39 Notification has sent successfully.
INFO 2023-09-25 13:59:52,859  115 Head Added Successfully.
INFO 2023-09-25 14:01:09,801  50 Head is already found.
INFO 2023-09-25 14:17:29,824  121 This 1234567891 Member is already exist.
INFO 2023-09-25 14:17:47,265  131 This 1234567111 user entered wrong headId.
INFO 2023-09-25 14:18:28,989  1563 Attempting refresh to obtain initial access_token
INFO 2023-09-25 14:18:30,151  39 Notification has sent successfully.
INFO 2023-09-25 14:18:30,154  192 headId = 1 user member added successfully.
INFO 2023-09-25 15:00:02,268  424 All user data retrieve failed because User not found. 
