INFO: 2023-09-16 17:27:54,359 | user_views.py| func: post| line number: 44| Head is already found.
INFO: 2023-09-16 17:28:57,016 | user_views.py| func: post| line number: 148| This None user entered wrong headId.
INFO: 2023-09-16 17:37:51,721 | user_views.py| func: post| line number: 205| headId = 1 user member added successfully.
INFO: 2023-09-16 17:39:38,307 | user_views.py| func: get| line number: 239| User entered wrong headId = 23.
INFO: 2023-09-16 17:39:46,129 | user_views.py| func: get| line number: 251| Send all family members data to headId = 1 user successfully.
INFO: 2023-09-16 17:40:17,282 | user_views.py| func: post| line number: 277| This number 1234567890 is already exist.
INFO: 2023-09-16 17:47:26,020 | user_views.py| func: post| line number: 277| This number 1234567890 is already exist.
INFO: 2023-09-16 17:48:19,923 | user_views.py| func: post| line number: 277| This number 1234567890 is already exist.
INFO: 2023-09-16 17:49:10,885 | user_views.py| func: post| line number: 277| This number 1234567890 is already exist.
INFO: 2023-09-16 17:51:57,746 | user_views.py| func: post| line number: 286| This number None user not found in database.
INFO: 2023-09-17 08:24:35,020 | user_views.py| func: list| line number: 440| All user data retrieve successfully.
INFO: 2023-09-17 08:24:45,872 | user_views.py| func: list| line number: 440| All user data retrieve successfully.
INFO: 2023-09-17 08:26:34,244 | user_views.py| func: list| line number: 440| All user data retrieve successfully.
INFO: 2023-09-17 08:38:55,163 | user_views.py| func: post| line number: 288| This number None user not found in database.
INFO: 2023-09-17 08:39:02,532 | user_views.py| func: post| line number: 288| This number None user not found in database.
INFO: 2023-09-17 08:46:10,879 | user_views.py| func: post| line number: 288| This number None user not found in database.
INFO: 2023-09-17 08:46:31,029 | user_views.py| func: post| line number: 288| This number None user not found in database.
INFO: 2023-09-17 08:49:45,630 | user_views.py| func: post| line number: 288| This number None user not found in database.
INFO: 2023-09-17 08:50:13,114 | user_views.py| func: post| line number: 279| This number 7056599221 is already exist.
INFO: 2023-09-17 09:00:28,109 | user_views.py| func: post| line number: 288| This number None user not found in database.
INFO: 2023-09-17 09:03:19,987 | user_views.py| func: post| line number: 295| This number  user not found in database.
INFO: 2023-09-17 09:33:51,050 | user_views.py| func: list| line number: 456| All user data retrieve successfully.
INFO: 2023-09-17 09:35:33,907 | user_views.py| func: list| line number: 457| All user data retrieve successfully.
INFO: 2023-09-17 09:37:18,068 | user_views.py| func: list| line number: 468| All user data retrieve successfully.
INFO: 2023-09-17 09:40:21,570 | user_views.py| func: list| line number: 469| All user data retrieve successfully.
INFO: 2023-09-17 09:40:37,095 | user_views.py| func: list| line number: 469| All user data retrieve successfully.
INFO: 2023-09-17 09:40:47,595 | user_views.py| func: list| line number: 469| All user data retrieve successfully.
INFO: 2023-09-17 09:52:11,998 | user_views.py| func: list| line number: 470| All user data retrieve successfully.
INFO: 2023-09-17 09:53:02,388 | user_views.py| func: list| line number: 460| All user data retrieve failed because User not found. 
INFO: 2023-09-17 09:53:37,296 | user_views.py| func: list| line number: 470| All user data retrieve successfully.
INFO: 2023-09-17 09:54:54,362 | user_views.py| func: list| line number: 470| All user data retrieve successfully.
INFO: 2023-09-17 09:55:29,468 | user_views.py| func: list| line number: 470| All user data retrieve successfully.
INFO: 2023-09-17 09:57:54,241 | user_views.py| func: list| line number: 471| All user data retrieve successfully.
INFO: 2023-09-17 09:59:09,115 | user_views.py| func: list| line number: 471| All user data retrieve successfully.
INFO: 2023-09-17 10:37:14,096 | user_views.py| func: list| line number: 471| All user data retrieve successfully.
INFO: 2023-09-17 10:56:12,644 | user_views.py| func: list| line number: 475| All user data retrieve successfully.
INFO: 2023-09-17 10:56:20,855 | user_views.py| func: list| line number: 475| All user data retrieve successfully.
INFO: 2023-09-17 10:58:54,435 | user_views.py| func: list| line number: 475| All user data retrieve successfully.
INFO: 2023-09-17 11:00:17,264 | user_views.py| func: list| line number: 475| All user data retrieve successfully.
INFO: 2023-09-17 11:00:27,849 | user_views.py| func: list| line number: 475| All user data retrieve successfully.
INFO: 2023-09-17 11:00:44,153 | user_views.py| func: list| line number: 475| All user data retrieve successfully.
INFO: 2023-09-17 11:03:21,866 | user_views.py| func: list| line number: 475| All user data retrieve successfully.
INFO: 2023-09-17 12:44:22,204 | user_views.py| func: list| line number: 487| All user data retrieve successfully.
INFO: 2023-09-17 12:44:31,913 | user_views.py| func: list| line number: 477| All user data retrieve failed because User not found. 
INFO: 2023-09-17 12:49:04,127 | user_views.py| func: list| line number: 494| All user data retrieve successfully.
INFO: 2023-09-17 12:50:45,869 | user_views.py| func: list| line number: 484| All user data retrieve failed because User not found. 
INFO: 2023-09-17 12:50:52,730 | user_views.py| func: list| line number: 494| All user data retrieve successfully.
INFO: 2023-09-17 12:52:54,627 | user_views.py| func: list| line number: 494| All user data retrieve successfully.
INFO: 2023-09-17 12:53:15,700 | user_views.py| func: list| line number: 484| All user data retrieve failed because User not found. 
INFO: 2023-09-17 12:55:32,038 | user_views.py| func: list| line number: 494| All user data retrieve successfully.
INFO: 2023-09-17 12:55:59,843 | user_views.py| func: list| line number: 494| All user data retrieve successfully.
INFO: 2023-09-17 12:56:11,599 | user_views.py| func: list| line number: 494| All user data retrieve successfully.
INFO: 2023-09-17 13:01:59,817 | user_views.py| func: list| line number: 494| All user data retrieve successfully.
INFO: 2023-09-17 13:02:17,734 | user_views.py| func: list| line number: 494| All user data retrieve successfully.
INFO: 2023-09-17 13:03:40,963 | user_views.py| func: post| line number: 153| This 1111111111111111111111111111 user entered wrong headId.
INFO: 2023-09-17 13:05:04,500 | user_views.py| func: list| line number: 484| All user data retrieve failed because User not found. 
INFO: 2023-09-17 13:05:11,890 | user_views.py| func: list| line number: 494| All user data retrieve successfully.
INFO: 2023-09-17 13:13:25,599 | user_views.py| func: list| line number: 494| All user data retrieve successfully.
INFO: 2023-09-17 13:14:47,516 | user_views.py| func: list| line number: 494| All user data retrieve successfully.
INFO: 2023-09-17 13:15:00,991 | user_views.py| func: list| line number: 494| All user data retrieve successfully.
INFO: 2023-09-17 13:16:20,304 | user_views.py| func: list| line number: 484| All user data retrieve failed because User not found. 
INFO: 2023-09-17 13:16:29,912 | user_views.py| func: list| line number: 484| All user data retrieve failed because User not found. 
INFO: 2023-09-17 13:17:37,098 | user_views.py| func: list| line number: 484| All user data retrieve failed because User not found. 
INFO: 2023-09-17 13:17:52,386 | user_views.py| func: list| line number: 494| All user data retrieve successfully.
INFO: 2023-09-17 13:19:34,141 | user_views.py| func: list| line number: 484| All user data retrieve failed because User not found. 
INFO: 2023-09-17 13:19:51,670 | user_views.py| func: list| line number: 484| All user data retrieve failed because User not found. 
INFO: 2023-09-17 13:21:18,904 | user_views.py| func: list| line number: 484| All user data retrieve failed because User not found. 
INFO: 2023-09-17 13:21:21,384 | user_views.py| func: list| line number: 484| All user data retrieve failed because User not found. 
INFO: 2023-09-17 13:21:35,883 | user_views.py| func: list| line number: 484| All user data retrieve failed because User not found. 
INFO: 2023-09-17 13:22:53,138 | user_views.py| func: list| line number: 494| All user data retrieve successfully.
INFO: 2023-09-18 12:01:06,301 | user_views.py| func: post| line number: 106| Head Added Successfully.
INFO: 2023-09-18 12:01:10,937 | user_views.py| func: post| line number: 47| Head is already found.
INFO: 2023-09-18 12:05:04,246 | user_views.py| func: get| line number: 263| headId = 15 user has No member found.
INFO: 2023-09-18 12:06:04,260 | user_views.py| func: get| line number: 254| Send all family members data to headId = 1 user successfully.
INFO: 2023-09-18 12:07:23,987 | user_views.py| func: post| line number: 298| This number 5463217890 is already exist.
INFO: 2023-09-18 12:10:14,941 | user_views.py| func: list| line number: 494| All user data retrieve successfully.
INFO: 2023-09-18 12:12:29,507 | user_views.py| func: get| line number: 519| user_id = 2 data retrieve successfully.
INFO: 2023-09-18 12:51:54,071 | user_views.py| func: list| line number: 513| All user data retrieve successfully.
INFO: 2023-09-18 13:48:42,128 | user_views.py| func: list| line number: 504| All user data retrieve successfully.
INFO: 2023-09-18 13:49:20,913 | user_views.py| func: list| line number: 504| All user data retrieve successfully.
INFO: 2023-09-18 13:49:27,124 | user_views.py| func: list| line number: 504| All user data retrieve successfully.
INFO: 2023-09-18 14:12:43,783 | user_views.py| func: list| line number: 504| All user data retrieve successfully.
INFO: 2023-09-18 14:14:50,285 | user_views.py| func: list| line number: 504| All user data retrieve successfully.
INFO: 2023-09-18 14:18:40,391 | user_views.py| func: list| line number: 504| All user data retrieve successfully.
INFO: 2023-09-18 14:18:44,109 | user_views.py| func: list| line number: 504| All user data retrieve successfully.
INFO: 2023-09-18 14:18:52,528 | user_views.py| func: list| line number: 504| All user data retrieve successfully.
INFO: 2023-09-18 14:25:06,121 | user_views.py| func: list| line number: 504| All user data retrieve successfully.
INFO: 2023-09-18 14:39:28,663 | user_views.py| func: list| line number: 505| All user data retrieve successfully.
INFO: 2023-09-18 14:43:56,467 | user_views.py| func: list| line number: 504| All user data retrieve successfully.
INFO: 2023-09-18 14:44:00,972 | user_views.py| func: list| line number: 504| All user data retrieve successfully.
INFO: 2023-09-18 14:48:56,740 | user_views.py| func: list| line number: 485| All user data retrieve failed because User not found. 
